<?xml version="1.0" encoding="UTF-8"?>
<testsuite name="co.com.bancolombia.challenges.FunnyColorBlocksTest" tests="1" skipped="0" failures="0" errors="0" timestamp="2024-03-15T02:59:57" hostname="DESKTOP-MH36JAU" time="0.0">
  <properties/>
  <testcase name="unblockMe()" classname="co.com.bancolombia.challenges.FunnyColorBlocksTest" time="0.0"/>
  <system-out><![CDATA[]]></system-out>
  <system-err><![CDATA[]]></system-err>
</testsuite>
